TN:
SF:src\components\AIAssistant.tsx
FN:45,AIAssistant
FN:65,(anonymous_1)
FN:70,(anonymous_2)
FN:78,(anonymous_3)
FN:86,(anonymous_4)
FN:90,(anonymous_5)
FN:103,(anonymous_6)
FN:117,(anonymous_7)
FN:132,(anonymous_8)
FN:132,(anonymous_9)
FN:158,(anonymous_10)
FN:161,(anonymous_11)
FN:176,(anonymous_12)
FN:212,(anonymous_13)
FNF:14
FNH:9
FNDA:14,AIAssistant
FNDA:13,(anonymous_1)
FNDA:7,(anonymous_2)
FNDA:8,(anonymous_3)
FNDA:0,(anonymous_4)
FNDA:0,(anonymous_5)
FNDA:0,(anonymous_6)
FNDA:0,(anonymous_7)
FNDA:6,(anonymous_8)
FNDA:6,(anonymous_9)
FNDA:0,(anonymous_10)
FNDA:30,(anonymous_11)
FNDA:6,(anonymous_12)
FNDA:1,(anonymous_13)
DA:46,14
DA:47,14
DA:53,14
DA:54,14
DA:55,14
DA:56,14
DA:57,14
DA:58,14
DA:59,14
DA:62,14
DA:65,14
DA:66,13
DA:70,14
DA:71,7
DA:78,14
DA:86,14
DA:87,0
DA:88,0
DA:89,0
DA:90,0
DA:91,0
DA:92,0
DA:93,0
DA:95,0
DA:96,0
DA:97,0
DA:98,0
DA:99,0
DA:100,0
DA:101,0
DA:102,0
DA:103,0
DA:105,0
DA:107,0
DA:117,14
DA:119,0
DA:120,0
DA:121,0
DA:132,14
DA:134,14
DA:158,0
DA:162,30
DA:177,6
DA:212,1
LF:44
LH:22
BRDA:66,0,0,0
BRDA:66,0,1,13
BRDA:66,1,0,13
BRDA:66,1,1,0
BRDA:78,2,0,8
BRDA:78,2,1,1
BRDA:88,3,0,0
BRDA:88,3,1,0
BRDA:91,4,0,0
BRDA:91,4,1,0
BRDA:103,5,0,0
BRDA:103,5,1,0
BRDA:105,6,0,0
BRDA:105,6,1,0
BRDA:119,7,0,0
BRDA:119,7,1,0
BRDA:119,8,0,0
BRDA:119,8,1,0
BRDA:137,9,0,6
BRDA:137,9,1,8
BRDA:141,10,0,6
BRDA:141,10,1,8
BRDA:144,11,0,14
BRDA:144,11,1,6
BRDA:179,12,0,0
BRDA:179,12,1,6
BRDA:183,13,0,0
BRDA:183,13,1,6
BRDA:192,14,0,6
BRDA:192,14,1,0
BRDA:197,15,0,6
BRDA:197,15,1,0
BRF:32
BRH:14
end_of_record
TN:
SF:src\components\AccessibilityGuide.tsx
FN:65,AccessibilityGuideBase
FN:70,(anonymous_1)
FN:73,(anonymous_2)
FN:86,(anonymous_3)
FN:86,(anonymous_4)
FN:93,(anonymous_5)
FN:93,(anonymous_6)
FN:99,(anonymous_7)
FN:130,(anonymous_8)
FNF:9
FNH:9
FNDA:7,AccessibilityGuideBase
FNDA:7,(anonymous_1)
FNDA:7,(anonymous_2)
FNDA:1,(anonymous_3)
FNDA:1,(anonymous_4)
FNDA:1,(anonymous_5)
FNDA:1,(anonymous_6)
FNDA:5,(anonymous_7)
FNDA:35,(anonymous_8)
DA:27,1
DA:66,7
DA:67,7
DA:70,7
DA:71,7
DA:72,7
DA:73,7
DA:74,7
DA:75,7
DA:86,7
DA:93,7
DA:99,7
DA:101,7
DA:131,35
DA:150,1
LF:15
LH:15
BRDA:118,0,0,1
BRDA:118,0,1,6
BRDA:125,1,0,1
BRDA:125,1,1,6
BRF:4
BRH:4
end_of_record
TN:
SF:src\components\CrowdDashboard.tsx
FN:24,CrowdDashboardBase
FN:31,(anonymous_1)
FN:34,(anonymous_2)
FN:35,(anonymous_3)
FN:35,(anonymous_4)
FN:36,(anonymous_5)
FN:45,(anonymous_6)
FN:45,(anonymous_7)
FN:51,(anonymous_8)
FN:52,(anonymous_9)
FN:59,(anonymous_10)
FN:61,(anonymous_11)
FN:62,(anonymous_12)
FN:63,(anonymous_13)
FN:115,(anonymous_14)
FNF:15
FNH:13
FNDA:11,CrowdDashboardBase
FNDA:11,(anonymous_1)
FNDA:10,(anonymous_2)
FNDA:0,(anonymous_3)
FNDA:0,(anonymous_4)
FNDA:10,(anonymous_5)
FNDA:1,(anonymous_6)
FNDA:1,(anonymous_7)
FNDA:11,(anonymous_8)
FNDA:110,(anonymous_9)
FNDA:11,(anonymous_10)
FNDA:66,(anonymous_11)
FNDA:66,(anonymous_12)
FNDA:66,(anonymous_13)
FNDA:66,(anonymous_14)
DA:25,11
DA:31,11
DA:34,11
DA:35,10
DA:36,10
DA:45,11
DA:51,11
DA:52,110
DA:59,11
DA:60,11
DA:61,66
DA:62,66
DA:63,66
DA:68,11
DA:116,66
DA:151,2
LF:16
LH:16
BRDA:77,0,0,11
BRDA:77,0,1,11
BRDA:79,1,0,11
BRDA:79,1,1,0
BRF:4
BRH:3
end_of_record
TN:
SF:src\components\EmergencyAlerts.tsx
FN:54,EmergencyAlertsBase
FN:65,(anonymous_1)
FN:65,(anonymous_2)
FN:65,(anonymous_3)
FN:71,(anonymous_4)
FN:92,(anonymous_5)
FNF:6
FNH:2
FNDA:3,EmergencyAlertsBase
FNDA:0,(anonymous_1)
FNDA:0,(anonymous_2)
FNDA:0,(anonymous_3)
FNDA:3,(anonymous_4)
FNDA:0,(anonymous_5)
DA:35,1
DA:55,3
DA:65,3
DA:67,3
DA:69,3
DA:72,3
DA:92,0
DA:108,1
LF:8
LH:7
BRDA:67,0,0,0
BRDA:67,0,1,3
BRF:2
BRH:1
end_of_record
TN:
SF:src\components\MatchSchedule.tsx
FN:25,Countdown
FN:26,(anonymous_1)
FN:28,(anonymous_2)
FN:29,(anonymous_3)
FN:30,(anonymous_4)
FN:54,MatchScheduleBase
FN:62,(anonymous_6)
FN:62,(anonymous_7)
FN:68,(anonymous_8)
FN:68,(anonymous_9)
FN:74,(anonymous_10)
FN:76,(anonymous_11)
FN:86,(anonymous_12)
FN:95,(anonymous_13)
FN:105,(anonymous_14)
FN:127,(anonymous_15)
FN:137,(anonymous_16)
FN:144,(anonymous_17)
FNF:18
FNH:16
FNDA:5,Countdown
FNDA:4,(anonymous_1)
FNDA:4,(anonymous_2)
FNDA:0,(anonymous_3)
FNDA:4,(anonymous_4)
FNDA:5,MatchScheduleBase
FNDA:4,(anonymous_6)
FNDA:24,(anonymous_7)
FNDA:4,(anonymous_8)
FNDA:24,(anonymous_9)
FNDA:5,(anonymous_10)
FNDA:30,(anonymous_11)
FNDA:4,(anonymous_12)
FNDA:1,(anonymous_13)
FNDA:0,(anonymous_14)
FNDA:35,(anonymous_15)
FNDA:35,(anonymous_16)
FNDA:25,(anonymous_17)
DA:26,5
DA:28,5
DA:29,4
DA:30,4
DA:33,5
DA:34,5
DA:36,0
DA:37,0
DA:38,0
DA:39,0
DA:40,0
DA:55,5
DA:56,5
DA:62,24
DA:68,24
DA:74,5
DA:76,5
DA:77,30
DA:86,5
DA:95,5
DA:96,1
DA:105,5
DA:106,0
DA:109,5
DA:128,35
DA:138,35
DA:145,25
DA:175,1
LF:28
LH:22
BRDA:34,0,0,5
BRDA:34,0,1,0
BRDA:77,1,0,30
BRDA:77,1,1,6
BRDA:77,1,2,25
BRDA:77,1,3,0
BRF:6
BRH:4
end_of_record
TN:
SF:src\components\StadiumMap.tsx
FN:90,Legend
FN:109,StadiumMapBase
FN:116,(anonymous_2)
FN:121,(anonymous_3)
FN:121,(anonymous_4)
FN:129,(anonymous_5)
FN:176,(anonymous_6)
FN:183,(anonymous_7)
FN:188,(anonymous_8)
FN:246,(anonymous_9)
FNF:10
FNH:9
FNDA:21,Legend
FNDA:7,StadiumMapBase
FNDA:6,(anonymous_2)
FNDA:6,(anonymous_3)
FNDA:36,(anonymous_4)
FNDA:3,(anonymous_5)
FNDA:42,(anonymous_6)
FNDA:3,(anonymous_7)
FNDA:0,(anonymous_8)
FNDA:21,(anonymous_9)
DA:25,2
DA:67,2
DA:91,21
DA:110,7
DA:116,7
DA:121,36
DA:129,7
DA:130,3
DA:133,7
DA:134,7
DA:136,7
DA:177,42
DA:178,42
DA:179,42
DA:183,3
DA:189,0
DA:247,21
DA:266,2
LF:18
LH:17
BRDA:189,0,0,0
BRDA:189,0,1,0
BRDA:199,1,0,7
BRDA:199,1,1,35
BRDA:200,2,0,7
BRDA:200,2,1,35
BRF:6
BRH:4
end_of_record
TN:
SF:src\components\StaffPortal.tsx
FN:20,StaffPortalBase
FN:33,(anonymous_1)
FN:34,(anonymous_2)
FN:45,(anonymous_3)
FN:63,(anonymous_4)
FN:91,(anonymous_5)
FN:94,(anonymous_6)
FN:109,(anonymous_7)
FN:127,(anonymous_8)
FN:139,(anonymous_9)
FN:145,(anonymous_10)
FN:151,(anonymous_11)
FN:157,(anonymous_12)
FN:169,(anonymous_13)
FNF:14
FNH:6
FNDA:5,StaffPortalBase
FNDA:1,(anonymous_1)
FNDA:1,(anonymous_2)
FNDA:1,(anonymous_3)
FNDA:0,(anonymous_4)
FNDA:0,(anonymous_5)
FNDA:30,(anonymous_6)
FNDA:0,(anonymous_7)
FNDA:0,(anonymous_8)
FNDA:0,(anonymous_9)
FNDA:0,(anonymous_10)
FNDA:0,(anonymous_11)
FNDA:0,(anonymous_12)
FNDA:1,(anonymous_13)
DA:21,5
DA:22,5
DA:23,5
DA:24,5
DA:33,5
DA:34,1
DA:45,5
DA:47,1
DA:48,1
DA:49,1
DA:50,1
DA:63,5
DA:65,0
DA:70,5
DA:91,0
DA:95,30
DA:109,0
DA:127,0
DA:139,0
DA:145,0
DA:151,0
DA:157,0
DA:170,1
DA:184,1
LF:24
LH:16
BRDA:48,0,0,0
BRDA:48,0,1,1
BRDA:168,1,0,5
BRDA:168,1,1,4
BRF:4
BRH:3
end_of_record
TN:
SF:src\components\TransportHub.tsx
FN:70,TransportHubBase
FN:77,(anonymous_1)
FN:99,(anonymous_2)
FNF:3
FNH:3
FNDA:5,TransportHubBase
FNDA:1,(anonymous_1)
FNDA:20,(anonymous_2)
DA:29,2
DA:77,5
DA:78,1
DA:81,5
DA:100,20
DA:122,2
LF:6
LH:6
BRF:0
BRH:0
end_of_record
TN:
SF:src\hooks\useDebounce.ts
FN:16,useDebounce
FN:19,(anonymous_1)
FN:20,(anonymous_2)
FN:21,(anonymous_3)
FNF:4
FNH:3
FNDA:14,useDebounce
FNDA:8,(anonymous_1)
FNDA:0,(anonymous_2)
FNDA:8,(anonymous_3)
DA:17,14
DA:19,14
DA:20,8
DA:21,8
DA:24,14
LF:5
LH:5
BRDA:16,0,0,14
BRF:1
BRH:1
end_of_record
TN:
SF:src\lib\constants.ts
FNF:0
FNH:0
DA:10,9
DA:13,9
DA:16,9
DA:19,9
DA:22,9
DA:25,9
DA:28,9
DA:31,9
DA:34,9
DA:40,9
DA:59,9
DA:69,9
DA:82,9
DA:94,9
DA:106,9
DA:117,9
DA:123,9
LF:17
LH:17
BRF:0
BRH:0
end_of_record
TN:
SF:src\lib\helpers.ts
FN:24,(anonymous_0)
FN:40,(anonymous_1)
FN:57,(anonymous_2)
FN:75,(anonymous_3)
FN:91,(anonymous_4)
FN:93,(anonymous_5)
FN:124,(anonymous_6)
FN:125,(anonymous_7)
FNF:8
FNH:8
FNDA:4,(anonymous_0)
FNDA:69,(anonymous_1)
FNDA:111,(anonymous_2)
FNDA:80,(anonymous_3)
FNDA:126,(anonymous_4)
FNDA:126,(anonymous_5)
FNDA:21,(anonymous_6)
FNDA:126,(anonymous_7)
DA:24,5
DA:25,4
DA:40,5
DA:41,69
DA:42,35
DA:43,1
DA:57,5
DA:58,111
DA:59,56
DA:60,1
DA:75,5
DA:76,80
DA:77,79
DA:78,78
DA:91,5
DA:92,126
DA:93,126
DA:94,126
DA:95,126
DA:124,5
DA:125,21
DA:126,126
DA:127,126
DA:128,126
DA:130,126
DA:135,126
LF:26
LH:26
BRDA:24,0,0,4
BRDA:41,1,0,34
BRDA:41,1,1,35
BRDA:42,2,0,34
BRDA:42,2,1,1
BRDA:58,3,0,55
BRDA:58,3,1,56
BRDA:59,4,0,55
BRDA:59,4,1,1
BRDA:76,5,0,1
BRDA:76,5,1,79
BRDA:77,6,0,1
BRDA:77,6,1,78
BRDA:128,7,0,61
BRDA:128,7,1,65
BRDA:128,8,0,63
BRDA:128,8,1,2
BRDA:130,9,0,61
BRDA:130,9,1,65
BRDA:132,10,0,63
BRDA:132,10,1,2
BRF:21
BRH:21
end_of_record
